<?xml version="1.0" encoding="UTF-8"?>
<testsuite name="HeroTest" tests="7" skipped="0" failures="0" errors="0" timestamp="2022-03-02T11:19:07" hostname="Muriithi" time="0.032">
  <properties/>
  <testcase name="Check if weakness is saved" classname="HeroTest" time="0.02"/>
  <testcase name="Check if age is saved" classname="HeroTest" time="0.001"/>
  <testcase name="Check if all info is Saved" classname="HeroTest" time="0.001"/>
  <testcase name="Check if names are saved" classname="HeroTest" time="0.001"/>
  <testcase name="Check if info can be deleted" classname="HeroTest" time="0.001"/>
  <testcase name="Check if powers are saved" classname="HeroTest" time="0.001"/>
  <testcase name="Check if Hero Instantiates" classname="HeroTest" time="0.001"/>
  <system-out><![CDATA[]]></system-out>
  <system-err><![CDATA[]]></system-err>
</testsuite>
