<?xml version="1.0" encoding="UTF-8"?>
<testsuite name="HeroTest" tests="1" skipped="0" failures="0" errors="0" timestamp="2022-03-02T10:58:45" hostname="Muriithi" time="0.014">
  <properties/>
  <testcase name="Check if Hero Instantiates" classname="HeroTest" time="0.014"/>
  <system-out><![CDATA[]]></system-out>
  <system-err><![CDATA[]]></system-err>
</testsuite>
