<?xml version="1.0" encoding="UTF-8"?>
<testsuite name="SquadTest" tests="1" skipped="0" failures="0" errors="0" timestamp="2022-03-02T11:24:46" hostname="Muriithi" time="0.021">
  <properties/>
  <testcase name="Check Squad Instantiates" classname="SquadTest" time="0.021"/>
  <system-out><![CDATA[]]></system-out>
  <system-err><![CDATA[]]></system-err>
</testsuite>
